Determining if the pthread_create exist failed with the following output:
Change Dir: /home/drone/Documents/ewok_ws_d455/build/rotors_comm/CMakeFiles/CMakeTmp

Run Build Command:"/usr/bin/make" "cmTC_e02cb/fast"
/usr/bin/make -f CMakeFiles/cmTC_e02cb.dir/build.make CMakeFiles/cmTC_e02cb.dir/build
make[1]: Entering directory '/home/drone/Documents/ewok_ws_d455/build/rotors_comm/CMakeFiles/CMakeTmp'
Building C object CMakeFiles/cmTC_e02cb.dir/CheckSymbolExists.c.o
/usr/bin/cc    -o CMakeFiles/cmTC_e02cb.dir/CheckSymbolExists.c.o   -c /home/drone/Documents/ewok_ws_d455/build/rotors_comm/CMakeFiles/CMakeTmp/CheckSymbolExists.c
Linking C executable cmTC_e02cb
/usr/bin/cmake -E cmake_link_script CMakeFiles/cmTC_e02cb.dir/link.txt --verbose=1
/usr/bin/cc      -rdynamic CMakeFiles/cmTC_e02cb.dir/CheckSymbolExists.c.o  -o cmTC_e02cb 
CMakeFiles/cmTC_e02cb.dir/CheckSymbolExists.c.o: In function `main':
CheckSymbolExists.c:(.text+0x1b): undefined reference to `pthread_create'
collect2: error: ld returned 1 exit status
CMakeFiles/cmTC_e02cb.dir/build.make:97: recipe for target 'cmTC_e02cb' failed
make[1]: *** [cmTC_e02cb] Error 1
make[1]: Leaving directory '/home/drone/Documents/ewok_ws_d455/build/rotors_comm/CMakeFiles/CMakeTmp'
Makefile:126: recipe for target 'cmTC_e02cb/fast' failed
make: *** [cmTC_e02cb/fast] Error 2

File /home/drone/Documents/ewok_ws_d455/build/rotors_comm/CMakeFiles/CMakeTmp/CheckSymbolExists.c:
/* */
#include <pthread.h>

int main(int argc, char** argv)
{
  (void)argv;
#ifndef pthread_create
  return ((int*)(&pthread_create))[argc];
#else
  (void)argc;
  return 0;
#endif
}

Determining if the function pthread_create exists in the pthreads failed with the following output:
Change Dir: /home/drone/Documents/ewok_ws_d455/build/rotors_comm/CMakeFiles/CMakeTmp

Run Build Command:"/usr/bin/make" "cmTC_a7cba/fast"
/usr/bin/make -f CMakeFiles/cmTC_a7cba.dir/build.make CMakeFiles/cmTC_a7cba.dir/build
make[1]: Entering directory '/home/drone/Documents/ewok_ws_d455/build/rotors_comm/CMakeFiles/CMakeTmp'
Building C object CMakeFiles/cmTC_a7cba.dir/CheckFunctionExists.c.o
/usr/bin/cc   -DCHECK_FUNCTION_EXISTS=pthread_create   -o CMakeFiles/cmTC_a7cba.dir/CheckFunctionExists.c.o   -c /usr/share/cmake-3.10/Modules/CheckFunctionExists.c
Linking C executable cmTC_a7cba
/usr/bin/cmake -E cmake_link_script CMakeFiles/cmTC_a7cba.dir/link.txt --verbose=1
/usr/bin/cc  -DCHECK_FUNCTION_EXISTS=pthread_create    -rdynamic CMakeFiles/cmTC_a7cba.dir/CheckFunctionExists.c.o  -o cmTC_a7cba -lpthreads 
/usr/bin/ld: cannot find -lpthreads
collect2: error: ld returned 1 exit status
CMakeFiles/cmTC_a7cba.dir/build.make:97: recipe for target 'cmTC_a7cba' failed
make[1]: *** [cmTC_a7cba] Error 1
make[1]: Leaving directory '/home/drone/Documents/ewok_ws_d455/build/rotors_comm/CMakeFiles/CMakeTmp'
Makefile:126: recipe for target 'cmTC_a7cba/fast' failed
make: *** [cmTC_a7cba/fast] Error 2


