Determining if the pthread_create exist failed with the following output:
Change Dir: /home/drone/Documents/catkin_realsense/build/CMakeFiles/CMakeTmp

Run Build Command:"/usr/bin/make" "cmTC_c7f3b/fast"
/usr/bin/make -f CMakeFiles/cmTC_c7f3b.dir/build.make CMakeFiles/cmTC_c7f3b.dir/build
make[1]: Entering directory '/home/drone/Documents/catkin_realsense/build/CMakeFiles/CMakeTmp'
Building C object CMakeFiles/cmTC_c7f3b.dir/CheckSymbolExists.c.o
/usr/bin/cc    -o CMakeFiles/cmTC_c7f3b.dir/CheckSymbolExists.c.o   -c /home/drone/Documents/catkin_realsense/build/CMakeFiles/CMakeTmp/CheckSymbolExists.c
Linking C executable cmTC_c7f3b
/usr/bin/cmake -E cmake_link_script CMakeFiles/cmTC_c7f3b.dir/link.txt --verbose=1
/usr/bin/cc      -rdynamic CMakeFiles/cmTC_c7f3b.dir/CheckSymbolExists.c.o  -o cmTC_c7f3b 
CMakeFiles/cmTC_c7f3b.dir/CheckSymbolExists.c.o: In function `main':
CheckSymbolExists.c:(.text+0x1b): undefined reference to `pthread_create'
collect2: error: ld returned 1 exit status
CMakeFiles/cmTC_c7f3b.dir/build.make:97: recipe for target 'cmTC_c7f3b' failed
make[1]: *** [cmTC_c7f3b] Error 1
make[1]: Leaving directory '/home/drone/Documents/catkin_realsense/build/CMakeFiles/CMakeTmp'
Makefile:126: recipe for target 'cmTC_c7f3b/fast' failed
make: *** [cmTC_c7f3b/fast] Error 2

File /home/drone/Documents/catkin_realsense/build/CMakeFiles/CMakeTmp/CheckSymbolExists.c:
/* */
#include <pthread.h>

int main(int argc, char** argv)
{
  (void)argv;
#ifndef pthread_create
  return ((int*)(&pthread_create))[argc];
#else
  (void)argc;
  return 0;
#endif
}

Determining if the function pthread_create exists in the pthreads failed with the following output:
Change Dir: /home/drone/Documents/catkin_realsense/build/CMakeFiles/CMakeTmp

Run Build Command:"/usr/bin/make" "cmTC_71432/fast"
/usr/bin/make -f CMakeFiles/cmTC_71432.dir/build.make CMakeFiles/cmTC_71432.dir/build
make[1]: Entering directory '/home/drone/Documents/catkin_realsense/build/CMakeFiles/CMakeTmp'
Building C object CMakeFiles/cmTC_71432.dir/CheckFunctionExists.c.o
/usr/bin/cc   -DCHECK_FUNCTION_EXISTS=pthread_create   -o CMakeFiles/cmTC_71432.dir/CheckFunctionExists.c.o   -c /usr/share/cmake-3.10/Modules/CheckFunctionExists.c
Linking C executable cmTC_71432
/usr/bin/cmake -E cmake_link_script CMakeFiles/cmTC_71432.dir/link.txt --verbose=1
/usr/bin/cc  -DCHECK_FUNCTION_EXISTS=pthread_create    -rdynamic CMakeFiles/cmTC_71432.dir/CheckFunctionExists.c.o  -o cmTC_71432 -lpthreads 
/usr/bin/ld: cannot find -lpthreads
collect2: error: ld returned 1 exit status
CMakeFiles/cmTC_71432.dir/build.make:97: recipe for target 'cmTC_71432' failed
make[1]: *** [cmTC_71432] Error 1
make[1]: Leaving directory '/home/drone/Documents/catkin_realsense/build/CMakeFiles/CMakeTmp'
Makefile:126: recipe for target 'cmTC_71432/fast' failed
make: *** [cmTC_71432/fast] Error 2


