Determining if the pthread_create exist failed with the following output:
Change Dir: /home/drone/Documents/ewok_ws_d455/build/rotors_hil_interface/CMakeFiles/CMakeTmp

Run Build Command:"/usr/bin/make" "cmTC_142d8/fast"
/usr/bin/make -f CMakeFiles/cmTC_142d8.dir/build.make CMakeFiles/cmTC_142d8.dir/build
make[1]: Entering directory '/home/drone/Documents/ewok_ws_d455/build/rotors_hil_interface/CMakeFiles/CMakeTmp'
Building C object CMakeFiles/cmTC_142d8.dir/CheckSymbolExists.c.o
/usr/bin/cc    -o CMakeFiles/cmTC_142d8.dir/CheckSymbolExists.c.o   -c /home/drone/Documents/ewok_ws_d455/build/rotors_hil_interface/CMakeFiles/CMakeTmp/CheckSymbolExists.c
Linking C executable cmTC_142d8
/usr/bin/cmake -E cmake_link_script CMakeFiles/cmTC_142d8.dir/link.txt --verbose=1
/usr/bin/cc      -rdynamic CMakeFiles/cmTC_142d8.dir/CheckSymbolExists.c.o  -o cmTC_142d8 
CMakeFiles/cmTC_142d8.dir/CheckSymbolExists.c.o: In function `main':
CheckSymbolExists.c:(.text+0x1b): undefined reference to `pthread_create'
collect2: error: ld returned 1 exit status
CMakeFiles/cmTC_142d8.dir/build.make:97: recipe for target 'cmTC_142d8' failed
make[1]: *** [cmTC_142d8] Error 1
make[1]: Leaving directory '/home/drone/Documents/ewok_ws_d455/build/rotors_hil_interface/CMakeFiles/CMakeTmp'
Makefile:126: recipe for target 'cmTC_142d8/fast' failed
make: *** [cmTC_142d8/fast] Error 2

File /home/drone/Documents/ewok_ws_d455/build/rotors_hil_interface/CMakeFiles/CMakeTmp/CheckSymbolExists.c:
/* */
#include <pthread.h>

int main(int argc, char** argv)
{
  (void)argv;
#ifndef pthread_create
  return ((int*)(&pthread_create))[argc];
#else
  (void)argc;
  return 0;
#endif
}

Determining if the function pthread_create exists in the pthreads failed with the following output:
Change Dir: /home/drone/Documents/ewok_ws_d455/build/rotors_hil_interface/CMakeFiles/CMakeTmp

Run Build Command:"/usr/bin/make" "cmTC_ee0e5/fast"
/usr/bin/make -f CMakeFiles/cmTC_ee0e5.dir/build.make CMakeFiles/cmTC_ee0e5.dir/build
make[1]: Entering directory '/home/drone/Documents/ewok_ws_d455/build/rotors_hil_interface/CMakeFiles/CMakeTmp'
Building C object CMakeFiles/cmTC_ee0e5.dir/CheckFunctionExists.c.o
/usr/bin/cc   -DCHECK_FUNCTION_EXISTS=pthread_create   -o CMakeFiles/cmTC_ee0e5.dir/CheckFunctionExists.c.o   -c /usr/share/cmake-3.10/Modules/CheckFunctionExists.c
Linking C executable cmTC_ee0e5
/usr/bin/cmake -E cmake_link_script CMakeFiles/cmTC_ee0e5.dir/link.txt --verbose=1
/usr/bin/cc  -DCHECK_FUNCTION_EXISTS=pthread_create    -rdynamic CMakeFiles/cmTC_ee0e5.dir/CheckFunctionExists.c.o  -o cmTC_ee0e5 -lpthreads 
/usr/bin/ld: cannot find -lpthreads
collect2: error: ld returned 1 exit status
CMakeFiles/cmTC_ee0e5.dir/build.make:97: recipe for target 'cmTC_ee0e5' failed
make[1]: *** [cmTC_ee0e5] Error 1
make[1]: Leaving directory '/home/drone/Documents/ewok_ws_d455/build/rotors_hil_interface/CMakeFiles/CMakeTmp'
Makefile:126: recipe for target 'cmTC_ee0e5/fast' failed
make: *** [cmTC_ee0e5/fast] Error 2


