[  0%] Built target visualization_msgs_generate_messages_py
[  0%] Built target visualization_msgs_generate_messages_eus
[  0%] Built target rosgraph_msgs_generate_messages_nodejs
[  0%] Built target rosgraph_msgs_generate_messages_py
[  0%] Built target std_msgs_generate_messages_eus
[  0%] Built target rosgraph_msgs_generate_messages_lisp
[  0%] Built target rosgraph_msgs_generate_messages_eus
[  0%] Built target rosgraph_msgs_generate_messages_cpp
[  0%] Built target roscpp_generate_messages_py
[  0%] Built target std_msgs_generate_messages_py
[  0%] Built target geometry_msgs_generate_messages_eus
[  0%] Built target roscpp_generate_messages_eus
[  0%] Built target roscpp_generate_messages_nodejs
[  0%] Built target geometry_msgs_generate_messages_nodejs
[  0%] Built target roscpp_generate_messages_lisp
[  0%] Built target visualization_msgs_generate_messages_lisp
[  0%] Built target std_msgs_generate_messages_cpp
[  0%] Built target sensor_msgs_generate_messages_py
[  0%] Built target std_msgs_generate_messages_lisp
[  0%] Built target visualization_msgs_generate_messages_nodejs
[  0%] Built target sensor_msgs_generate_messages_cpp
[  0%] Built target sensor_msgs_generate_messages_eus
[  0%] Built target std_msgs_generate_messages_nodejs
[  0%] Built target sensor_msgs_generate_messages_lisp
[  0%] Built target roscpp_generate_messages_cpp
[  0%] Built target geometry_msgs_generate_messages_cpp
[  0%] Built target sensor_msgs_generate_messages_nodejs
[  0%] Built target geometry_msgs_generate_messages_lisp
[  0%] Built target geometry_msgs_generate_messages_py
[  0%] Built target visualization_msgs_generate_messages_cpp
[35m[1mScanning dependencies of target tum_rgbd_ring_buffer_example[0m
[ 25%] [32mBuilding CXX object CMakeFiles/tum_rgbd_ring_buffer_example.dir/src/tum_rgbd_ring_buffer_example.cpp.o[0m
[35m[1mScanning dependencies of target ring_buffer_example[0m
[ 50%] [32mBuilding CXX object CMakeFiles/ring_buffer_example.dir/src/ring_buffer_example.cpp.o[0m
[ 75%] [32m[1mLinking CXX executable /home/drone/Documents/ewok_ws_d455/devel/.private/ewok_ring_buffer/lib/ewok_ring_buffer/ring_buffer_example[0m
[ 75%] Built target ring_buffer_example
[100%] [32m[1mLinking CXX executable /home/drone/Documents/ewok_ws_d455/devel/.private/ewok_ring_buffer/lib/ewok_ring_buffer/tum_rgbd_ring_buffer_example[0m
[100%] Built target tum_rgbd_ring_buffer_example
