Determining if the pthread_create exist failed with the following output:
Change Dir: /home/drone/Documents/ewok_ws_d455/build/rotors_gazebo_plugins/CMakeFiles/CMakeTmp

Run Build Command:"/usr/bin/make" "cmTC_b2047/fast"
/usr/bin/make -f CMakeFiles/cmTC_b2047.dir/build.make CMakeFiles/cmTC_b2047.dir/build
make[1]: Entering directory '/home/drone/Documents/ewok_ws_d455/build/rotors_gazebo_plugins/CMakeFiles/CMakeTmp'
Building C object CMakeFiles/cmTC_b2047.dir/CheckSymbolExists.c.o
/usr/bin/cc    -o CMakeFiles/cmTC_b2047.dir/CheckSymbolExists.c.o   -c /home/drone/Documents/ewok_ws_d455/build/rotors_gazebo_plugins/CMakeFiles/CMakeTmp/CheckSymbolExists.c
Linking C executable cmTC_b2047
/usr/bin/cmake -E cmake_link_script CMakeFiles/cmTC_b2047.dir/link.txt --verbose=1
/usr/bin/cc      -rdynamic CMakeFiles/cmTC_b2047.dir/CheckSymbolExists.c.o  -o cmTC_b2047 
CMakeFiles/cmTC_b2047.dir/CheckSymbolExists.c.o: In function `main':
CheckSymbolExists.c:(.text+0x1b): undefined reference to `pthread_create'
collect2: error: ld returned 1 exit status
CMakeFiles/cmTC_b2047.dir/build.make:97: recipe for target 'cmTC_b2047' failed
make[1]: *** [cmTC_b2047] Error 1
make[1]: Leaving directory '/home/drone/Documents/ewok_ws_d455/build/rotors_gazebo_plugins/CMakeFiles/CMakeTmp'
Makefile:126: recipe for target 'cmTC_b2047/fast' failed
make: *** [cmTC_b2047/fast] Error 2

File /home/drone/Documents/ewok_ws_d455/build/rotors_gazebo_plugins/CMakeFiles/CMakeTmp/CheckSymbolExists.c:
/* */
#include <pthread.h>

int main(int argc, char** argv)
{
  (void)argv;
#ifndef pthread_create
  return ((int*)(&pthread_create))[argc];
#else
  (void)argc;
  return 0;
#endif
}

Determining if the function pthread_create exists in the pthreads failed with the following output:
Change Dir: /home/drone/Documents/ewok_ws_d455/build/rotors_gazebo_plugins/CMakeFiles/CMakeTmp

Run Build Command:"/usr/bin/make" "cmTC_ade64/fast"
/usr/bin/make -f CMakeFiles/cmTC_ade64.dir/build.make CMakeFiles/cmTC_ade64.dir/build
make[1]: Entering directory '/home/drone/Documents/ewok_ws_d455/build/rotors_gazebo_plugins/CMakeFiles/CMakeTmp'
Building C object CMakeFiles/cmTC_ade64.dir/CheckFunctionExists.c.o
/usr/bin/cc   -DCHECK_FUNCTION_EXISTS=pthread_create   -o CMakeFiles/cmTC_ade64.dir/CheckFunctionExists.c.o   -c /usr/share/cmake-3.10/Modules/CheckFunctionExists.c
Linking C executable cmTC_ade64
/usr/bin/cmake -E cmake_link_script CMakeFiles/cmTC_ade64.dir/link.txt --verbose=1
/usr/bin/cc  -DCHECK_FUNCTION_EXISTS=pthread_create    -rdynamic CMakeFiles/cmTC_ade64.dir/CheckFunctionExists.c.o  -o cmTC_ade64 -lpthreads 
/usr/bin/ld: cannot find -lpthreads
collect2: error: ld returned 1 exit status
CMakeFiles/cmTC_ade64.dir/build.make:97: recipe for target 'cmTC_ade64' failed
make[1]: *** [cmTC_ade64] Error 1
make[1]: Leaving directory '/home/drone/Documents/ewok_ws_d455/build/rotors_gazebo_plugins/CMakeFiles/CMakeTmp'
Makefile:126: recipe for target 'cmTC_ade64/fast' failed
make: *** [cmTC_ade64/fast] Error 2


