[01m[K/home/drone/Documents/ewok_ws_d455/src/Ewok-Planner/ewok/ewok_optimization/src/spline_optimization_example.cpp:30:11:[m[K [01;31m[Kerror: [m[Kredefinition of ‘[01m[Kconst int POW[m[K’
 const int [01;31m[KPOW[m[K =7;
           [01;31m[K^~~[m[K
In file included from [01m[K/home/drone/Documents/ewok_ws_d455/src/Ewok-Planner/ewok/ewok_optimization/src/spline_optimization_example.cpp:28:0[m[K:
[01m[K/home/drone/Documents/ewok_ws_d455/src/Ewok-Planner/ewok/ewok_optimization/include/ewok/uniform_bspline_3d_optimization.h:35:11:[m[K [01;36m[Knote: [m[K‘[01m[Kconst int POW[m[K’ previously defined here
 const int [01;36m[KPOW[m[K = 7;
           [01;36m[K^~~[m[K
[01m[K/home/drone/Documents/ewok_ws_d455/src/Ewok-Planner/ewok/ewok_optimization/src/spline_optimization_example2.cpp:30:11:[m[K [01;31m[Kerror: [m[Kredefinition of ‘[01m[Kconst int POW[m[K’
 const int [01;31m[KPOW[m[K = 7;
           [01;31m[K^~~[m[K
In file included from [01m[K/home/drone/Documents/ewok_ws_d455/src/Ewok-Planner/ewok/ewok_optimization/src/spline_optimization_example2.cpp:28:0[m[K:
[01m[K/home/drone/Documents/ewok_ws_d455/src/Ewok-Planner/ewok/ewok_optimization/include/ewok/uniform_bspline_3d_optimization.h:35:11:[m[K [01;36m[Knote: [m[K‘[01m[Kconst int POW[m[K’ previously defined here
 const int [01;36m[KPOW[m[K = 7;
           [01;36m[K^~~[m[K
[01m[K/home/drone/Documents/ewok_ws_d455/src/Ewok-Planner/ewok/ewok_optimization/src/spline_optimization_example3.cpp:31:11:[m[K [01;31m[Kerror: [m[Kredefinition of ‘[01m[Kconst int POW[m[K’
 const int [01;31m[KPOW[m[K = 7;
           [01;31m[K^~~[m[K
In file included from [01m[K/home/drone/Documents/ewok_ws_d455/src/Ewok-Planner/ewok/ewok_optimization/src/spline_optimization_example3.cpp:28:0[m[K:
[01m[K/home/drone/Documents/ewok_ws_d455/src/Ewok-Planner/ewok/ewok_optimization/include/ewok/uniform_bspline_3d_optimization.h:35:11:[m[K [01;36m[Knote: [m[K‘[01m[Kconst int POW[m[K’ previously defined here
 const int [01;36m[KPOW[m[K = 7;
           [01;36m[K^~~[m[K
make[2]: *** [CMakeFiles/spline_optimization_example.dir/src/spline_optimization_example.cpp.o] Error 1
make[1]: *** [CMakeFiles/spline_optimization_example.dir/all] Error 2
make[1]: *** Waiting for unfinished jobs....
make[2]: *** [CMakeFiles/spline_optimization_example2.dir/src/spline_optimization_example2.cpp.o] Error 1
make[1]: *** [CMakeFiles/spline_optimization_example2.dir/all] Error 2
make[2]: *** [CMakeFiles/spline_optimization_example3.dir/src/spline_optimization_example3.cpp.o] Error 1
make[1]: *** [CMakeFiles/spline_optimization_example3.dir/all] Error 2
make: *** [all] Error 2
