[ 14%] Built target pubCamPose
[ 14%] Built target trajectory_msgs_generate_messages_nodejs
[ 14%] Built target mav_msgs_generate_messages_py
[ 14%] Built target mav_msgs_generate_messages_nodejs
[ 14%] Built target mav_msgs_generate_messages_eus
[ 14%] Built target topic_tools_generate_messages_nodejs
[ 14%] Built target topic_tools_generate_messages_lisp
[ 14%] Built target topic_tools_generate_messages_eus
[ 14%] Built target topic_tools_generate_messages_cpp
[ 14%] Built target bond_generate_messages_py
[ 14%] Built target pcl_msgs_generate_messages_eus
[ 14%] Built target bond_generate_messages_lisp
[ 14%] Built target pcl_msgs_generate_messages_cpp
[ 14%] Built target bond_generate_messages_eus
[ 14%] Built target nodelet_generate_messages_nodejs
[ 14%] Built target nodelet_generate_messages_lisp
[ 14%] Built target nodelet_generate_messages_eus
[ 14%] Built target nodelet_generate_messages_cpp
[ 14%] Built target dynamic_reconfigure_generate_messages_py
[ 14%] Built target dynamic_reconfigure_generate_messages_nodejs
[ 14%] Built target dynamic_reconfigure_generate_messages_lisp
[ 14%] Built target dynamic_reconfigure_generate_messages_eus
[ 14%] Built target dynamic_reconfigure_generate_messages_cpp
[ 14%] Built target pcl_ros_gencfg
[ 14%] Built target tf_generate_messages_py
[ 14%] Built target mav_msgs_generate_messages_lisp
[ 14%] Built target tf_generate_messages_lisp
[ 14%] Built target tf_generate_messages_nodejs
[ 14%] Built target std_srvs_generate_messages_nodejs
[ 14%] Built target octomap_msgs_generate_messages_py
[ 14%] Built target octomap_msgs_generate_messages_nodejs
[ 14%] Built target uuid_msgs_generate_messages_eus
[ 14%] Built target diagnostic_msgs_generate_messages_py
[ 14%] Built target geographic_msgs_generate_messages_eus
[ 14%] Built target diagnostic_msgs_generate_messages_nodejs
[ 14%] Built target rosgraph_msgs_generate_messages_lisp
[ 14%] Built target geometry_msgs_generate_messages_eus
[ 14%] Built target rosgraph_msgs_generate_messages_eus
[ 14%] Built target mavros_msgs_generate_messages_nodejs
[ 14%] Built target std_srvs_generate_messages_py
[ 14%] Built target geographic_msgs_generate_messages_nodejs
[ 14%] Built target pcl_msgs_generate_messages_lisp
[ 14%] Built target tf_generate_messages_cpp
[ 14%] Built target diagnostic_msgs_generate_messages_lisp
[ 14%] Built target geographic_msgs_generate_messages_cpp
[ 14%] Built target actionlib_generate_messages_nodejs
[ 14%] Built target std_srvs_generate_messages_cpp
[ 14%] Built target diagnostic_msgs_generate_messages_eus
[ 14%] Built target actionlib_msgs_generate_messages_lisp
[ 14%] Built target uuid_msgs_generate_messages_lisp
[ 14%] Built target mav_msgs_generate_messages_cpp
[ 14%] Built target std_srvs_generate_messages_eus
[ 14%] Built target octomap_msgs_generate_messages_lisp
[ 14%] Built target geographic_msgs_generate_messages_lisp
[ 14%] Built target rosgraph_msgs_generate_messages_nodejs
[ 14%] Built target roscpp_generate_messages_lisp
[ 14%] Built target rosgraph_msgs_generate_messages_cpp
[ 14%] Built target std_srvs_generate_messages_lisp
[ 14%] Built target roscpp_generate_messages_py
[ 14%] Built target sensor_msgs_generate_messages_eus
[ 14%] Built target trajectory_msgs_generate_messages_eus
[ 14%] Built target std_msgs_generate_messages_eus
[ 14%] Built target std_msgs_generate_messages_cpp
[ 14%] Built target trajectory_msgs_generate_messages_py
[ 14%] Built target nav_msgs_generate_messages_nodejs
[ 14%] Built target topic_tools_generate_messages_py
[ 14%] Built target nodelet_topic_tools_gencfg
[ 14%] Built target actionlib_msgs_generate_messages_nodejs
[ 14%] Built target geographic_msgs_generate_messages_py
[ 14%] Built target roscpp_generate_messages_cpp
[ 14%] Built target sensor_msgs_generate_messages_nodejs
[ 14%] Built target actionlib_generate_messages_cpp
[ 14%] Built target octomap_msgs_generate_messages_eus
[ 14%] Built target geometry_msgs_generate_messages_nodejs
[ 14%] Built target geometry_msgs_generate_messages_lisp
[ 14%] Built target geometry_msgs_generate_messages_py
[ 14%] Built target std_msgs_generate_messages_lisp
[ 14%] Built target roscpp_generate_messages_nodejs
[ 14%] Built target std_msgs_generate_messages_nodejs
[ 14%] Built target std_msgs_generate_messages_py
[ 14%] Built target uuid_msgs_generate_messages_cpp
[ 14%] Built target uuid_msgs_generate_messages_nodejs
[ 14%] Built target uuid_msgs_generate_messages_py
[ 14%] Built target mavros_msgs_generate_messages_cpp
[ 14%] Built target mavros_msgs_generate_messages_eus
[ 14%] Built target sensor_msgs_generate_messages_lisp
[ 14%] Built target trajectory_msgs_generate_messages_cpp
[ 14%] Built target nav_msgs_generate_messages_cpp
[ 14%] Built target mavros_msgs_generate_messages_lisp
[ 14%] Built target sensor_msgs_generate_messages_cpp
[ 14%] Built target mavros_msgs_generate_messages_py
[ 14%] Built target nodelet_generate_messages_py
[ 14%] Built target pcl_msgs_generate_messages_nodejs
[ 14%] Built target sensor_msgs_generate_messages_py
[ 14%] Built target nav_msgs_generate_messages_lisp
[ 14%] Built target actionlib_msgs_generate_messages_cpp
[ 14%] Built target tf_generate_messages_eus
[ 14%] Built target roscpp_generate_messages_eus
[ 14%] Built target actionlib_msgs_generate_messages_eus
[ 14%] Built target rosgraph_msgs_generate_messages_py
[ 14%] Built target octomap_msgs_generate_messages_cpp
[ 14%] Built target diagnostic_msgs_generate_messages_cpp
[ 14%] Built target actionlib_msgs_generate_messages_py
[ 14%] Built target pcl_msgs_generate_messages_py
[ 14%] Built target actionlib_generate_messages_eus
[ 14%] Built target actionlib_generate_messages_lisp
[ 14%] Built target geometry_msgs_generate_messages_cpp
[ 14%] Built target nav_msgs_generate_messages_eus
[ 14%] Built target tf2_msgs_generate_messages_cpp
[ 14%] Built target tf2_msgs_generate_messages_eus
[ 14%] Built target tf2_msgs_generate_messages_lisp
[ 14%] Built target dynamic_reconfigure_gencfg
[ 14%] Built target nav_msgs_generate_messages_py
[ 14%] Built target actionlib_generate_messages_py
[ 14%] Built target tf2_msgs_generate_messages_py
[ 14%] Built target tf2_msgs_generate_messages_nodejs
[ 14%] Built target bond_generate_messages_cpp
[ 14%] Built target bond_generate_messages_nodejs
[ 14%] Built target trajectory_msgs_generate_messages_lisp
[ 28%] Built target pcNoise
[ 42%] Built target bspline_lee_position_controller_node
[ 57%] Built target trajectory_replanning_example
[ 71%] Built target bspline_controller_rishabh
[ 85%] Built target trajectory_replanning_rishabh
[100%] Built target trajectory_replanning_pointcloud
