[01m[K/home/drone/Documents/ewok_ws_d455/src/Ewok-Planner/ewok/ewok_simulation/src/trajectory_replanning_rishabh.cpp:[m[K In function ‘[01m[Kint main(int, char**)[m[K’:
[01m[K/home/drone/Documents/ewok_ws_d455/src/Ewok-Planner/ewok/ewok_simulation/src/trajectory_replanning_rishabh.cpp:389:48:[m[K [01;31m[Kerror: [m[Kno matching function for call to ‘[01m[Kewok::UniformBSpline3DOptimization<6>::setDistanceBuffer(ewok::EuclideanDistanceRingBuffer<12>::Ptr&)[m[K’
     spline_optimization->setDistanceBuffer(edrb[01;31m[K)[m[K;
                                                [01;31m[K^[m[K
In file included from [01m[K/home/drone/Documents/ewok_ws_d455/src/Ewok-Planner/ewok/ewok_simulation/src/trajectory_replanning_rishabh.cpp:47:0[m[K:
[01m[K/home/drone/Documents/ewok_ws_d455/src/Ewok-Planner/ewok/ewok_optimization/include/ewok/uniform_bspline_3d_optimization.h:122:8:[m[K [01;36m[Knote: [m[Kcandidate: void ewok::UniformBSpline3DOptimization<_N, _Scalar>::setDistanceBuffer(ewok::EuclideanDistanceRingBuffer<6>::Ptr&) [with int _N = 6; _Scalar = double; ewok::EuclideanDistanceRingBuffer<6>::Ptr = std::shared_ptr<ewok::EuclideanDistanceRingBuffer<6> >]
   void [01;36m[KsetDistanceBuffer[m[K(EuclideanDistanceRingBuffer<6>::Ptr & edrb) {
        [01;36m[K^~~~~~~~~~~~~~~~~[m[K
[01m[K/home/drone/Documents/ewok_ws_d455/src/Ewok-Planner/ewok/ewok_optimization/include/ewok/uniform_bspline_3d_optimization.h:122:8:[m[K [01;36m[Knote: [m[K  no known conversion for argument 1 from ‘[01m[Kewok::EuclideanDistanceRingBuffer<12>::Ptr {aka std::shared_ptr<ewok::EuclideanDistanceRingBuffer<12> >}[m[K’ to ‘[01m[Kewok::EuclideanDistanceRingBuffer<6>::Ptr& {aka std::shared_ptr<ewok::EuclideanDistanceRingBuffer<6> >&}[m[K’
In file included from [01m[K/home/drone/Documents/ewok_ws_d455/src/Ewok-Planner/ewok/ewok_ring_buffer/include/ewok/raycast_ring_buffer.h:28:0[m[K,
                 from [01m[K/home/drone/Documents/ewok_ws_d455/src/Ewok-Planner/ewok/ewok_ring_buffer/include/ewok/ed_ring_buffer.h:27[m[K,
                 from [01m[K/home/drone/Documents/ewok_ws_d455/src/Ewok-Planner/ewok/ewok_optimization/include/ewok/uniform_bspline_3d_optimization.h:29[m[K,
                 from [01m[K/home/drone/Documents/ewok_ws_d455/src/Ewok-Planner/ewok/ewok_simulation/src/trajectory_replanning_rishabh.cpp:47[m[K:
/home/drone/Documents/ewok_ws_d455/src/Ewok-Planner/ewok/ewok_ring_buffer/include/ewok/ring_buffer_base.h: In instantiation of ‘[01m[Kewok::RingBufferBase<_POW, _Datatype, _Scalar>::RingBufferBase(const _Scalar&, const _Datatype&) [with int _POW = 12; _Datatype = float; _Scalar = float][m[K’:
[01m[K/home/drone/Documents/ewok_ws_d455/src/Ewok-Planner/ewok/ewok_ring_buffer/include/ewok/ed_ring_buffer.h:55:55:[m[K   required from ‘[01m[Kewok::EuclideanDistanceRingBuffer<_POW, _Datatype, _Scalar, _Flag>::EuclideanDistanceRingBuffer(const _Scalar&, const _Scalar&) [with int _POW = 12; _Datatype = short int; _Scalar = float; _Flag = unsigned char][m[K’
[01m[K/home/drone/Documents/ewok_ws_d455/src/Ewok-Planner/ewok/ewok_simulation/src/trajectory_replanning_rishabh.cpp:324:74:[m[K   required from here
[01m[K/home/drone/Documents/ewok_ws_d455/src/Ewok-Planner/ewok/ewok_ring_buffer/include/ewok/ring_buffer_base.h:53:55:[m[K [01;35m[Kwarning: [m[Kinteger overflow in expression [[01;35m[K-Woverflow[m[K]
         offset_(-_N_2, -_N_2, -_N_2), buffer_([01;35m[K_N * _N * _N[m[K) {
                                               [01;35m[K~~~~~~~~^~~~[m[K
/home/drone/Documents/ewok_ws_d455/src/Ewok-Planner/ewok/ewok_ring_buffer/include/ewok/ring_buffer_base.h: In instantiation of ‘[01m[Kewok::RingBufferBase<_POW, _Datatype, _Scalar>::RingBufferBase(const _Scalar&, const _Datatype&) [with int _POW = 12; _Datatype = short int; _Scalar = float][m[K’:
[01m[K/home/drone/Documents/ewok_ws_d455/src/Ewok-Planner/ewok/ewok_ring_buffer/include/ewok/raycast_ring_buffer.h:75:40:[m[K   required from ‘[01m[Kewok::RaycastRingBuffer<_POW, _Datatype, _Scalar, _Flag>::RaycastRingBuffer(const _Scalar&) [with int _POW = 12; _Datatype = short int; _Scalar = float; _Flag = unsigned char][m[K’
[01m[K/home/drone/Documents/ewok_ws_d455/src/Ewok-Planner/ewok/ewok_ring_buffer/include/ewok/ed_ring_buffer.h:55:55:[m[K   required from ‘[01m[Kewok::EuclideanDistanceRingBuffer<_POW, _Datatype, _Scalar, _Flag>::EuclideanDistanceRingBuffer(const _Scalar&, const _Scalar&) [with int _POW = 12; _Datatype = short int; _Scalar = float; _Flag = unsigned char][m[K’
[01m[K/home/drone/Documents/ewok_ws_d455/src/Ewok-Planner/ewok/ewok_simulation/src/trajectory_replanning_rishabh.cpp:324:74:[m[K   required from here
[01m[K/home/drone/Documents/ewok_ws_d455/src/Ewok-Planner/ewok/ewok_ring_buffer/include/ewok/ring_buffer_base.h:53:55:[m[K [01;35m[Kwarning: [m[Kinteger overflow in expression [[01;35m[K-Woverflow[m[K]
/home/drone/Documents/ewok_ws_d455/src/Ewok-Planner/ewok/ewok_ring_buffer/include/ewok/ring_buffer_base.h: In instantiation of ‘[01m[Kewok::RingBufferBase<_POW, _Datatype, _Scalar>::RingBufferBase(const _Scalar&, const _Datatype&) [with int _POW = 12; _Datatype = unsigned char; _Scalar = float][m[K’:
[01m[K/home/drone/Documents/ewok_ws_d455/src/Ewok-Planner/ewok/ewok_ring_buffer/include/ewok/raycast_ring_buffer.h:75:40:[m[K   required from ‘[01m[Kewok::RaycastRingBuffer<_POW, _Datatype, _Scalar, _Flag>::RaycastRingBuffer(const _Scalar&) [with int _POW = 12; _Datatype = short int; _Scalar = float; _Flag = unsigned char][m[K’
[01m[K/home/drone/Documents/ewok_ws_d455/src/Ewok-Planner/ewok/ewok_ring_buffer/include/ewok/ed_ring_buffer.h:55:55:[m[K   required from ‘[01m[Kewok::EuclideanDistanceRingBuffer<_POW, _Datatype, _Scalar, _Flag>::EuclideanDistanceRingBuffer(const _Scalar&, const _Scalar&) [with int _POW = 12; _Datatype = short int; _Scalar = float; _Flag = unsigned char][m[K’
[01m[K/home/drone/Documents/ewok_ws_d455/src/Ewok-Planner/ewok/ewok_simulation/src/trajectory_replanning_rishabh.cpp:324:74:[m[K   required from here
[01m[K/home/drone/Documents/ewok_ws_d455/src/Ewok-Planner/ewok/ewok_ring_buffer/include/ewok/ring_buffer_base.h:53:55:[m[K [01;35m[Kwarning: [m[Kinteger overflow in expression [[01;35m[K-Woverflow[m[K]
make[2]: *** [CMakeFiles/trajectory_replanning_rishabh.dir/src/trajectory_replanning_rishabh.cpp.o] Error 1
make[1]: *** [CMakeFiles/trajectory_replanning_rishabh.dir/all] Error 2
make: *** [all] Error 2
