[  0%] Built target topic_tools_generate_messages_eus
[  0%] Built target mav_msgs_generate_messages_nodejs
[  0%] Built target mav_msgs_generate_messages_py
[  0%] Built target topic_tools_generate_messages_cpp
[  0%] Built target mav_msgs_generate_messages_eus
[  0%] Built target trajectory_msgs_generate_messages_nodejs
[  0%] Built target topic_tools_generate_messages_lisp
[  0%] Built target pcl_msgs_generate_messages_eus
[  0%] Built target topic_tools_generate_messages_nodejs
[  0%] Built target bond_generate_messages_py
[  0%] Built target pcl_msgs_generate_messages_cpp
[ 14%] Built target pubCamPose
[ 14%] Built target bond_generate_messages_lisp
[ 14%] Built target bond_generate_messages_eus
[ 14%] Built target nodelet_generate_messages_nodejs
[ 14%] Built target nodelet_generate_messages_cpp
[ 14%] Built target nodelet_generate_messages_lisp
[ 14%] Built target dynamic_reconfigure_generate_messages_lisp
[ 14%] Built target nodelet_generate_messages_eus
[ 14%] Built target dynamic_reconfigure_generate_messages_py
[ 14%] Built target dynamic_reconfigure_generate_messages_nodejs
[ 14%] Built target dynamic_reconfigure_generate_messages_eus
[ 14%] Built target pcl_ros_gencfg
[ 14%] Built target dynamic_reconfigure_generate_messages_cpp
[ 14%] Built target tf_generate_messages_py
[ 14%] Built target std_srvs_generate_messages_nodejs
[ 14%] Built target tf_generate_messages_nodejs
[ 14%] Built target mav_msgs_generate_messages_lisp
[ 14%] Built target tf_generate_messages_lisp
[ 14%] Built target octomap_msgs_generate_messages_py
[ 14%] Built target diagnostic_msgs_generate_messages_py
[ 14%] Built target geographic_msgs_generate_messages_eus
[ 14%] Built target uuid_msgs_generate_messages_eus
[ 14%] Built target octomap_msgs_generate_messages_nodejs
[ 14%] Built target rosgraph_msgs_generate_messages_eus
[ 14%] Built target rosgraph_msgs_generate_messages_lisp
[ 14%] Built target geometry_msgs_generate_messages_eus
[ 14%] Built target std_srvs_generate_messages_py
[ 14%] Built target geographic_msgs_generate_messages_nodejs
[ 14%] Built target tf_generate_messages_cpp
[ 14%] Built target diagnostic_msgs_generate_messages_nodejs
[ 14%] Built target pcl_msgs_generate_messages_lisp
[ 14%] Built target actionlib_generate_messages_nodejs
[ 14%] Built target mavros_msgs_generate_messages_nodejs
[ 14%] Built target diagnostic_msgs_generate_messages_lisp
[ 14%] Built target std_srvs_generate_messages_cpp
[ 14%] Built target geographic_msgs_generate_messages_cpp
[ 14%] Built target mav_msgs_generate_messages_cpp
[ 14%] Built target diagnostic_msgs_generate_messages_eus
[ 14%] Built target actionlib_msgs_generate_messages_lisp
[ 14%] Built target uuid_msgs_generate_messages_lisp
[ 14%] Built target std_srvs_generate_messages_eus
[ 14%] Built target octomap_msgs_generate_messages_lisp
[ 14%] Built target geographic_msgs_generate_messages_lisp
[ 14%] Built target roscpp_generate_messages_py
[ 14%] Built target rosgraph_msgs_generate_messages_cpp
[ 14%] Built target sensor_msgs_generate_messages_eus
[ 14%] Built target rosgraph_msgs_generate_messages_nodejs
[ 14%] Built target roscpp_generate_messages_lisp
[ 14%] Built target trajectory_msgs_generate_messages_eus
[ 14%] Built target std_srvs_generate_messages_lisp
[ 14%] Built target trajectory_msgs_generate_messages_py
[ 14%] Built target std_msgs_generate_messages_eus
[ 14%] Built target nav_msgs_generate_messages_nodejs
[ 14%] Built target nodelet_topic_tools_gencfg
[ 14%] Built target topic_tools_generate_messages_py
[ 14%] Built target std_msgs_generate_messages_cpp
[ 14%] Built target actionlib_msgs_generate_messages_nodejs
[ 14%] Built target octomap_msgs_generate_messages_eus
[ 14%] Built target roscpp_generate_messages_cpp
[ 14%] Built target geographic_msgs_generate_messages_py
[ 14%] Built target sensor_msgs_generate_messages_nodejs
[ 14%] Built target actionlib_generate_messages_cpp
[ 14%] Built target geometry_msgs_generate_messages_nodejs
[ 14%] Built target geometry_msgs_generate_messages_py
[ 14%] Built target geometry_msgs_generate_messages_lisp
[ 14%] Built target std_msgs_generate_messages_nodejs
[ 14%] Built target std_msgs_generate_messages_lisp
[ 14%] Built target roscpp_generate_messages_nodejs
[ 14%] Built target std_msgs_generate_messages_py
[ 14%] Built target uuid_msgs_generate_messages_nodejs
[ 14%] Built target trajectory_msgs_generate_messages_cpp
[ 14%] Built target mavros_msgs_generate_messages_eus
[ 14%] Built target uuid_msgs_generate_messages_py
[ 14%] Built target uuid_msgs_generate_messages_cpp
[ 14%] Built target mavros_msgs_generate_messages_cpp
[ 14%] Built target sensor_msgs_generate_messages_lisp
[ 14%] Built target sensor_msgs_generate_messages_cpp
[ 14%] Built target mavros_msgs_generate_messages_lisp
[ 14%] Built target mavros_msgs_generate_messages_py
[ 14%] Built target nav_msgs_generate_messages_cpp
[ 14%] Built target nodelet_generate_messages_py
[ 14%] Built target sensor_msgs_generate_messages_py
[ 14%] Built target pcl_msgs_generate_messages_nodejs
[ 14%] Built target nav_msgs_generate_messages_lisp
[ 14%] Built target tf_generate_messages_eus
[ 14%] Built target actionlib_msgs_generate_messages_eus
[ 14%] Built target rosgraph_msgs_generate_messages_py
[ 14%] Built target actionlib_msgs_generate_messages_cpp
[ 14%] Built target octomap_msgs_generate_messages_cpp
[ 14%] Built target roscpp_generate_messages_eus
[ 14%] Built target actionlib_msgs_generate_messages_py
[ 14%] Built target pcl_msgs_generate_messages_py
[ 14%] Built target diagnostic_msgs_generate_messages_cpp
[ 14%] Built target geometry_msgs_generate_messages_cpp
[ 14%] Built target tf2_msgs_generate_messages_cpp
[ 14%] Built target actionlib_generate_messages_eus
[ 14%] Built target actionlib_generate_messages_lisp
[ 14%] Built target dynamic_reconfigure_gencfg
[ 14%] Built target nav_msgs_generate_messages_eus
[ 14%] Built target tf2_msgs_generate_messages_eus
[ 14%] Built target actionlib_generate_messages_py
[ 14%] Built target nav_msgs_generate_messages_py
[ 14%] Built target tf2_msgs_generate_messages_py
[ 14%] Built target bond_generate_messages_cpp
[ 14%] Built target tf2_msgs_generate_messages_lisp
[ 14%] Built target tf2_msgs_generate_messages_nodejs
[ 14%] Built target bond_generate_messages_nodejs
[ 14%] Built target trajectory_msgs_generate_messages_lisp
[ 28%] Built target pcNoise
[35m[1mScanning dependencies of target trajectory_replanning_example[0m
[35m[1mScanning dependencies of target trajectory_replanning_pointcloud[0m
[35m[1mScanning dependencies of target trajectory_replanning_rishabh[0m
[ 57%] Built target bspline_controller_rishabh
[ 57%] Built target bspline_lee_position_controller_node
[ 64%] [32mBuilding CXX object CMakeFiles/trajectory_replanning_pointcloud.dir/src/trajectory_replanning_example_pointCloud.cpp.o[0m
[ 71%] [32mBuilding CXX object CMakeFiles/trajectory_replanning_example.dir/src/trajectory_replanning_example.cpp.o[0m
[ 78%] [32mBuilding CXX object CMakeFiles/trajectory_replanning_rishabh.dir/src/trajectory_replanning_rishabh.cpp.o[0m
[ 85%] [32m[1mLinking CXX executable /home/drone/Documents/ewok_ws_d455/devel/.private/ewok_simulation/lib/ewok_simulation/trajectory_replanning_example[0m
[ 92%] [32m[1mLinking CXX executable /home/drone/Documents/ewok_ws_d455/devel/.private/ewok_simulation/lib/ewok_simulation/trajectory_replanning_rishabh[0m
[100%] [32m[1mLinking CXX executable /home/drone/Documents/ewok_ws_d455/devel/.private/ewok_simulation/lib/ewok_simulation/trajectory_replanning_pointcloud[0m
[100%] Built target trajectory_replanning_example
[100%] Built target trajectory_replanning_rishabh
[100%] Built target trajectory_replanning_pointcloud
