[  0%] Built target topic_tools_generate_messages_nodejs
[  0%] Built target topic_tools_generate_messages_eus
[  0%] Built target mav_msgs_generate_messages_nodejs
[  0%] Built target pcl_msgs_generate_messages_cpp
[  0%] Built target mav_msgs_generate_messages_py
[  0%] Built target mav_msgs_generate_messages_eus
[  0%] Built target topic_tools_generate_messages_lisp
[  0%] Built target trajectory_msgs_generate_messages_nodejs
[  0%] Built target pcl_msgs_generate_messages_eus
[  0%] Built target topic_tools_generate_messages_cpp
[  0%] Built target bond_generate_messages_py
[  7%] [32m[1mLinking CXX executable /home/drone/Documents/ewok_ws_d455/devel/.private/ewok_simulation/lib/ewok_simulation/pubCamPose[0m
[  7%] Built target nodelet_generate_messages_lisp
[  7%] Built target bond_generate_messages_lisp
[  7%] Built target dynamic_reconfigure_generate_messages_lisp
[  7%] Built target dynamic_reconfigure_generate_messages_nodejs
[  7%] Built target dynamic_reconfigure_generate_messages_eus
[  7%] Built target nodelet_generate_messages_nodejs
[  7%] Built target nodelet_generate_messages_eus
[  7%] Built target bond_generate_messages_eus
[  7%] Built target nodelet_generate_messages_cpp
[  7%] Built target dynamic_reconfigure_generate_messages_py
[  7%] Built target pcl_ros_gencfg
[  7%] Built target dynamic_reconfigure_generate_messages_cpp
[  7%] Built target mav_msgs_generate_messages_lisp
[  7%] Built target octomap_msgs_generate_messages_py
[  7%] Built target tf_generate_messages_py
[  7%] Built target tf_generate_messages_lisp
[  7%] Built target tf_generate_messages_nodejs
[  7%] Built target diagnostic_msgs_generate_messages_py
[  7%] Built target octomap_msgs_generate_messages_nodejs
[  7%] Built target std_srvs_generate_messages_nodejs
[  7%] Built target uuid_msgs_generate_messages_eus
[  7%] Built target geometry_msgs_generate_messages_eus
[  7%] Built target rosgraph_msgs_generate_messages_lisp
[  7%] Built target geographic_msgs_generate_messages_eus
[  7%] Built target std_srvs_generate_messages_py
[  7%] Built target rosgraph_msgs_generate_messages_eus
[  7%] Built target geographic_msgs_generate_messages_nodejs
[  7%] Built target diagnostic_msgs_generate_messages_nodejs
[  7%] Built target mavros_msgs_generate_messages_nodejs
[  7%] Built target pcl_msgs_generate_messages_lisp
[  7%] Built target tf_generate_messages_cpp
[  7%] Built target actionlib_generate_messages_nodejs
[  7%] Built target diagnostic_msgs_generate_messages_lisp
[  7%] Built target std_srvs_generate_messages_cpp
[  7%] Built target mav_msgs_generate_messages_cpp
[  7%] Built target geographic_msgs_generate_messages_cpp
[  7%] Built target std_srvs_generate_messages_eus
[  7%] Built target uuid_msgs_generate_messages_lisp
[  7%] Built target diagnostic_msgs_generate_messages_eus
[  7%] Built target actionlib_msgs_generate_messages_lisp
[  7%] Built target octomap_msgs_generate_messages_lisp
[  7%] Built target roscpp_generate_messages_lisp
[  7%] Built target geographic_msgs_generate_messages_lisp
[  7%] Built target std_srvs_generate_messages_lisp
[  7%] Built target rosgraph_msgs_generate_messages_nodejs
[  7%] Built target sensor_msgs_generate_messages_eus
[  7%] Built target roscpp_generate_messages_py
[  7%] Built target trajectory_msgs_generate_messages_eus
[  7%] Built target trajectory_msgs_generate_messages_py
[  7%] Built target rosgraph_msgs_generate_messages_cpp
[  7%] Built target std_msgs_generate_messages_eus
[  7%] Built target roscpp_generate_messages_cpp
[  7%] Built target nodelet_topic_tools_gencfg
[  7%] Built target topic_tools_generate_messages_py
[  7%] Built target nav_msgs_generate_messages_nodejs
[  7%] Built target sensor_msgs_generate_messages_nodejs
[  7%] Built target actionlib_msgs_generate_messages_nodejs
[  7%] Built target geographic_msgs_generate_messages_py
[  7%] Built target std_msgs_generate_messages_cpp
[  7%] Built target actionlib_generate_messages_cpp
[  7%] Built target octomap_msgs_generate_messages_eus
[  7%] Built target geometry_msgs_generate_messages_lisp
[  7%] Built target std_msgs_generate_messages_nodejs
[  7%] Built target std_msgs_generate_messages_lisp
[  7%] Built target std_msgs_generate_messages_py
[  7%] Built target geometry_msgs_generate_messages_nodejs
[  7%] Built target geometry_msgs_generate_messages_py
[  7%] Built target uuid_msgs_generate_messages_nodejs
[  7%] Built target uuid_msgs_generate_messages_cpp
[  7%] Built target roscpp_generate_messages_nodejs
[  7%] Built target uuid_msgs_generate_messages_py
[  7%] Built target mavros_msgs_generate_messages_cpp
[  7%] Built target mavros_msgs_generate_messages_py
[  7%] Built target trajectory_msgs_generate_messages_cpp
[  7%] Built target mavros_msgs_generate_messages_lisp
[  7%] Built target nav_msgs_generate_messages_cpp
[  7%] Built target mavros_msgs_generate_messages_eus
[  7%] Built target sensor_msgs_generate_messages_lisp
[  7%] Built target sensor_msgs_generate_messages_cpp
[  7%] Built target nodelet_generate_messages_py
[  7%] Built target sensor_msgs_generate_messages_py
[  7%] Built target pcl_msgs_generate_messages_nodejs
[  7%] Built target tf_generate_messages_eus
[  7%] Built target nav_msgs_generate_messages_lisp
[  7%] Built target actionlib_msgs_generate_messages_eus
[  7%] Built target actionlib_msgs_generate_messages_cpp
[  7%] Built target rosgraph_msgs_generate_messages_py
[  7%] Built target roscpp_generate_messages_eus
[  7%] Built target pcl_msgs_generate_messages_py
[  7%] Built target octomap_msgs_generate_messages_cpp
[  7%] Built target actionlib_generate_messages_eus
[  7%] Built target actionlib_msgs_generate_messages_py
[  7%] Built target diagnostic_msgs_generate_messages_cpp
[  7%] Built target geometry_msgs_generate_messages_cpp
[  7%] Built target actionlib_generate_messages_lisp
[  7%] Built target tf2_msgs_generate_messages_eus
[  7%] Built target nav_msgs_generate_messages_eus
[  7%] Built target tf2_msgs_generate_messages_cpp
[  7%] Built target dynamic_reconfigure_gencfg
[  7%] Built target nav_msgs_generate_messages_py
[  7%] Built target tf2_msgs_generate_messages_lisp
[  7%] Built target actionlib_generate_messages_py
[  7%] Built target tf2_msgs_generate_messages_py
[  7%] Built target bond_generate_messages_cpp
[  7%] Built target trajectory_msgs_generate_messages_lisp
[  7%] Built target tf2_msgs_generate_messages_nodejs
[  7%] Built target bond_generate_messages_nodejs
[ 14%] [32m[1mLinking CXX executable /home/drone/Documents/ewok_ws_d455/devel/.private/ewok_simulation/lib/ewok_simulation/pcNoise[0m
[35m[1mScanning dependencies of target trajectory_replanning_rishabh[0m
[35m[1mScanning dependencies of target trajectory_replanning_example[0m
[35m[1mScanning dependencies of target trajectory_replanning_pointcloud[0m
[ 21%] [32m[1mLinking CXX executable /home/drone/Documents/ewok_ws_d455/devel/.private/ewok_simulation/lib/ewok_simulation/bspline_controller_rishabh[0m
[ 28%] [32m[1mLinking CXX executable /home/drone/Documents/ewok_ws_d455/devel/.private/ewok_simulation/lib/ewok_simulation/bspline_lee_position_controller_node[0m
[ 35%] [32mBuilding CXX object CMakeFiles/trajectory_replanning_example.dir/src/trajectory_replanning_example.cpp.o[0m
[ 42%] [32mBuilding CXX object CMakeFiles/trajectory_replanning_pointcloud.dir/src/trajectory_replanning_example_pointCloud.cpp.o[0m
[ 50%] [32mBuilding CXX object CMakeFiles/trajectory_replanning_rishabh.dir/src/trajectory_replanning_rishabh.cpp.o[0m
[ 57%] Built target pubCamPose
[ 64%] Built target pcNoise
[ 71%] Built target bspline_controller_rishabh
[ 78%] Built target bspline_lee_position_controller_node
[ 85%] [32m[1mLinking CXX executable /home/drone/Documents/ewok_ws_d455/devel/.private/ewok_simulation/lib/ewok_simulation/trajectory_replanning_example[0m
[ 92%] [32m[1mLinking CXX executable /home/drone/Documents/ewok_ws_d455/devel/.private/ewok_simulation/lib/ewok_simulation/trajectory_replanning_rishabh[0m
[100%] [32m[1mLinking CXX executable /home/drone/Documents/ewok_ws_d455/devel/.private/ewok_simulation/lib/ewok_simulation/trajectory_replanning_pointcloud[0m
[100%] Built target trajectory_replanning_example
[100%] Built target trajectory_replanning_rishabh
[100%] Built target trajectory_replanning_pointcloud
